____Loading package: tests
____Loading complete.  Analyzing...
____Found 1 test target...
____[0 / 2] BazelWorkspaceStatusAction stable-status.txt
____From Compiling tests/test.cpp:
tests/test.cpp:1:25: fatal error: gtest/gtest.h: No such file or directory
 #include "gtest/gtest.h"
                         ^
compilation terminated.
ERROR: /home/kylestach99/bazel-test/tests/BUILD:1:1: C++ compilation of rule '//tests:factorial_test' failed: gcc failed: error executing command 
  (cd /home/kylestach99/.cache/bazel/_bazel_kylestach99/428bea0120dde10a8611a39c21ae5ecc/bazel-test && \
  exec env - \
    INTERCEPT_LOCALLY_EXECUTABLE=1 \
    PATH=/home/kylestach99/bin:/usr/local/sbin:/usr/local/bin:/usr/sbin:/usr/bin:/sbin:/bin \
  /usr/bin/gcc -U_FORTIFY_SOURCE '-D_FORTIFY_SOURCE=1' -fstack-protector -fPIE -Wall -Wunused-but-set-parameter -Wno-free-nonheap-object -fno-omit-frame-pointer '-std=c++0x' -iquote . -iquote bazel-out/local_linux-fastbuild/genfiles -isystem tools/cpp/gcc3 -Iexternal/gtest -Iexternal/gtest/include -no-canonical-prefixes -Wno-builtin-macro-redefined '-D__DATE__="redacted"' '-D__TIMESTAMP__="redacted"' '-D__TIME__="redacted"' '-frandom-seed=bazel-out/local_linux-fastbuild/bin/tests/_objs/factorial_test/tests/test.pic.o' -MD -MF bazel-out/local_linux-fastbuild/bin/tests/_objs/factorial_test/tests/test.pic.d -fPIC -c tests/test.cpp -o bazel-out/local_linux-fastbuild/bin/tests/_objs/factorial_test/tests/test.pic.o): com.google.devtools.build.lib.shell.BadExitStatusException: Process exited with status 1: gcc failed: error executing command 
  (cd /home/kylestach99/.cache/bazel/_bazel_kylestach99/428bea0120dde10a8611a39c21ae5ecc/bazel-test && \
  exec env - \
    INTERCEPT_LOCALLY_EXECUTABLE=1 \
    PATH=/home/kylestach99/bin:/usr/local/sbin:/usr/local/bin:/usr/sbin:/usr/bin:/sbin:/bin \
  /usr/bin/gcc -U_FORTIFY_SOURCE '-D_FORTIFY_SOURCE=1' -fstack-protector -fPIE -Wall -Wunused-but-set-parameter -Wno-free-nonheap-object -fno-omit-frame-pointer '-std=c++0x' -iquote . -iquote bazel-out/local_linux-fastbuild/genfiles -isystem tools/cpp/gcc3 -Iexternal/gtest -Iexternal/gtest/include -no-canonical-prefixes -Wno-builtin-macro-redefined '-D__DATE__="redacted"' '-D__TIMESTAMP__="redacted"' '-D__TIME__="redacted"' '-frandom-seed=bazel-out/local_linux-fastbuild/bin/tests/_objs/factorial_test/tests/test.pic.o' -MD -MF bazel-out/local_linux-fastbuild/bin/tests/_objs/factorial_test/tests/test.pic.d -fPIC -c tests/test.cpp -o bazel-out/local_linux-fastbuild/bin/tests/_objs/factorial_test/tests/test.pic.o): com.google.devtools.build.lib.shell.BadExitStatusException: Process exited with status 1.
Target //tests:factorial_test failed to build
____Elapsed time: 0.295s, Critical Path: 0.04s
